
The following have been reloaded with a version change:
  1) GCCcore/12.2.0 => GCCcore/10.2.0
  2) binutils/2.39-GCCcore-12.2.0 => binutils/2.35-GCCcore-10.2.0
  3) zlib/1.2.12-GCCcore-12.2.0 => zlib/1.2.11-GCCcore-10.2.0

/camp/apps/eb/software/Python/3.10.8-GCCcore-12.2.0/bin/python
/camp/apps/eb/software/Anaconda2/2019.03/condabin/conda
Mon Jan 15 14:04:59 2024       
+---------------------------------------------------------------------------------------+
| NVIDIA-SMI 535.86.10              Driver Version: 535.86.10    CUDA Version: 12.2     |
|-----------------------------------------+----------------------+----------------------+
| GPU  Name                 Persistence-M | Bus-Id        Disp.A | Volatile Uncorr. ECC |
| Fan  Temp   Perf          Pwr:Usage/Cap |         Memory-Usage | GPU-Util  Compute M. |
|                                         |                      |               MIG M. |
|=========================================+======================+======================|
|   0  Tesla V100-SXM2-32GB           On  | 00000000:1E:00.0 Off |                    0 |
| N/A   37C    P0              42W / 300W |      0MiB / 32768MiB |      0%      Default |
|                                         |                      |                  N/A |
+-----------------------------------------+----------------------+----------------------+
                                                                                         
+---------------------------------------------------------------------------------------+
| Processes:                                                                            |
|  GPU   GI   CI        PID   Type   Process name                            GPU Memory |
|        ID   ID                                                             Usage      |
|=======================================================================================|
|  No running processes found                                                           |
+---------------------------------------------------------------------------------------+
nvcc: NVIDIA (R) Cuda compiler driver
Copyright (c) 2005-2020 NVIDIA Corporation
Built on Mon_Oct_12_20:09:46_PDT_2020
Cuda compilation tools, release 11.1, V11.1.105
Build cuda_11.1.TC455_06.29190527_0
Traceback (most recent call last):
  File "/camp/lab/briscoej/home/users/maizelr/envs_for_svm23/deepvelo_env/lib/python3.10/site-packages/torch/__init__.py", line 172, in _load_global_deps
    ctypes.CDLL(lib_path, mode=ctypes.RTLD_GLOBAL)
  File "/camp/apps/eb/software/Python/3.10.8-GCCcore-12.2.0/lib/python3.10/ctypes/__init__.py", line 374, in __init__
    self._handle = _dlopen(self._name, mode)
OSError: /camp/lab/briscoej/home/users/maizelr/envs_for_svm23/deepvelo_env/lib/python3.10/site-packages/torch/lib/../../nvidia/cublas/lib/libcublas.so.11: symbol cublasLtHSHMatmulAlgoInit, version libcublasLt.so.11 not defined in file libcublasLt.so.11 with link time reference

During handling of the above exception, another exception occurred:

Traceback (most recent call last):
  File "/nemo/lab/briscoej/home/users/maizelr/transcriptomics/SVM23/analysis/A2.2_benchmarking/B08_deepvelo_benchmarking.py", line 4, in <module>
    import torch
  File "/camp/lab/briscoej/home/users/maizelr/envs_for_svm23/deepvelo_env/lib/python3.10/site-packages/torch/__init__.py", line 217, in <module>
    _load_global_deps()
  File "/camp/lab/briscoej/home/users/maizelr/envs_for_svm23/deepvelo_env/lib/python3.10/site-packages/torch/__init__.py", line 178, in _load_global_deps
    _preload_cuda_deps()
  File "/camp/lab/briscoej/home/users/maizelr/envs_for_svm23/deepvelo_env/lib/python3.10/site-packages/torch/__init__.py", line 158, in _preload_cuda_deps
    ctypes.CDLL(cublas_path)
  File "/camp/apps/eb/software/Python/3.10.8-GCCcore-12.2.0/lib/python3.10/ctypes/__init__.py", line 374, in __init__
    self._handle = _dlopen(self._name, mode)
OSError: /camp/lab/briscoej/home/users/maizelr/envs_for_svm23/deepvelo_env/lib/python3.10/site-packages/nvidia/cublas/lib/libcublas.so.11: symbol cublasLtHSHMatmulAlgoInit, version libcublasLt.so.11 not defined in file libcublasLt.so.11 with link time reference
